Could not read previous export (for caching), doing full export.
Renaming arrow -> arrow-2
Renaming arrow -> arrow-3
Renaming arrow -> arrow-4
Renaming arrow -> arrow-5
Renaming arrow -> arrow-6
menu: Exporting image
Back: Exporting image
menu text: Exporting image
title: Exporting image
atom_7: Exporting image
Link-2: Exporting image
more_line copy-5-2: Exporting image
atom_6: Exporting image
arrow: Exporting image
more_line copy-4-2: Exporting image
atom_5: Exporting image
arrow: Exporting image
more_line copy-3-2: Exporting image
atom_4: Exporting image
arrow: Exporting image
more_line copy-2-2: Exporting image
atom_3: Exporting image
arrow: Exporting image
more_line copy-7: Exporting image
atom 2: Exporting image
arrow: Exporting image
more_line copy-6: Exporting image
atom_1: Exporting image
arrow: Exporting image
more_line-2: Exporting image
27 views changed
Success: /var/folders/zz/zyxvpxvq6csfxvn_n000077h0001sw/T/C9752A95-AD77-42DF-BE70-9D416D9C96AD-33348-0000F4C9BC0AE33B/p_4_text
